<?xml version="1.0" encoding="UTF-8"?>
<!-- Generated by org.testng.reporters.JUnitReportReporter -->
<testsuite hostname="SLW10563" name="easework.Eazework" tests="1" failures="0" timestamp="17 Oct 2017 09:37:54 GMT" time="25.633" errors="0">
  <testcase name="logIn" time="25.633" classname="easework.Eazework"/>
</testsuite> <!-- easework.Eazework -->
