<?xml version="1.0" encoding="UTF-8"?>
<!-- Generated by org.testng.reporters.JUnitReportReporter -->
<testsuite hostname="SLW10563" name="easework.Eazework" tests="1" failures="0" timestamp="16 Oct 2017 12:41:45 GMT" time="22.541" errors="0">
  <testcase name="logIn" time="22.541" classname="easework.Eazework"/>
</testsuite> <!-- easework.Eazework -->
